<?xml version="1.0" encoding="UTF-8"?>
<testng-results ignored="0" total="2" passed="2" failed="0" skipped="0">
  <reporter-output>
  </reporter-output>
  <suite started-at="2022-07-17T19:44:32 EEST" name="Default Suite" finished-at="2022-07-17T19:44:34 EEST" duration-ms="1754">
    <groups>
    </groups>
    <test started-at="2022-07-17T19:44:32 EEST" name="api_mentoring_testing" finished-at="2022-07-17T19:44:34 EEST" duration-ms="1754">
      <class name="com.softserve.Main">
        <test-method signature="test1()[pri:0, instance:com.softserve.Main@3c407114]" started-at="2022-07-17T19:44:32 EEST" name="test1" finished-at="2022-07-17T19:44:34 EEST" duration-ms="1538" status="PASS">
          <reporter-output>
          </reporter-output>
        </test-method> <!-- test1 -->
        <test-method signature="test2()[pri:0, instance:com.softserve.Main@3c407114]" started-at="2022-07-17T19:44:34 EEST" name="test2" finished-at="2022-07-17T19:44:34 EEST" duration-ms="175" status="PASS">
          <reporter-output>
          </reporter-output>
        </test-method> <!-- test2 -->
      </class> <!-- com.softserve.Main -->
    </test> <!-- api_mentoring_testing -->
  </suite> <!-- Default Suite -->
</testng-results>
